\BOOKMARK [1][-]{section.1}{Etude de la file M/M/1}{}% 1
\BOOKMARK [2][-]{subsection.1.1}{Conception d'une repr\351sentation informatique}{section.1}% 2
\BOOKMARK [2][-]{subsection.1.2}{Conception et d\351veloppement d'un algorithme de simulation en scilab}{section.1}% 3
\BOOKMARK [2][-]{subsection.1.3}{Simulation de trajectoires}{section.1}% 4
\BOOKMARK [3][-]{subsubsection.1.3.1}{Simulation de l'\351volution d'un file d'attente}{subsection.1.3}% 5
\BOOKMARK [3][-]{subsubsection.1.3.2}{Distribution statistiques de la taille de la file d'attente}{subsection.1.3}% 6
\BOOKMARK [3][-]{subsubsection.1.3.3}{Temps de service sup\351rieur en moyenne aux temps inter-arriv\351es}{subsection.1.3}% 7
\BOOKMARK [3][-]{subsubsection.1.3.4}{Temps de service inf\351rieur en moyenne aux temps inter-arriv\351es}{subsection.1.3}% 8
\BOOKMARK [3][-]{subsubsection.1.3.5}{Temps de service \351gaux en moyenne aux temps inter-arriv\351es}{subsection.1.3}% 9
\BOOKMARK [1][-]{section.2}{Etude de la file \340 3 serveurs}{}% 10
\BOOKMARK [2][-]{subsection.2.1}{Simulation de strat\351gie circulaire}{section.2}% 11
\BOOKMARK [3][-]{subsubsection.2.1.1}{Etude num\351rique du temps de travers\351e du syst\350me pour une requ\352te}{subsection.2.1}% 12
\BOOKMARK [3][-]{subsubsection.2.1.2}{Etude num\351rique du nombre de requ\352tes dans le syst\350me}{subsection.2.1}% 13
\BOOKMARK [3][-]{subsubsection.2.1.3}{Recherche d'un r\351gime stationnaire}{subsection.2.1}% 14
\BOOKMARK [2][-]{subsection.2.2}{Simulation de la strat\351gie d'affection al\351atoire proportionnelle}{section.2}% 15
\BOOKMARK [3][-]{subsubsection.2.2.1}{Simulation}{subsection.2.2}% 16
\BOOKMARK [3][-]{subsubsection.2.2.2}{Etude num\351rique}{subsection.2.2}% 17
\BOOKMARK [2][-]{subsection.2.3}{Autres strat\351gies, al\351atoires ou/et d\351t\351rministes}{section.2}% 18
\BOOKMARK [1][-]{section.3}{Conclusion}{}% 19
\BOOKMARK [1][-]{appendix.A}{Fonctions}{}% 20
\BOOKMARK [2][-]{subsection.A.1}{}{appendix.A}% 21
